# JRE version: OpenJDK Runtime Environment (17.0.11) (build 17.0.11+0--11852314)
# Java VM: OpenJDK 64-Bit Server VM (17.0.11+0--11852314, mixed mode, tiered, compressed oops, compressed class ptrs, g1 gc, windows-amd64)
GC Precious Log:
 CPUs: 8 total, 8 available
 Memory: 32706M
 Large Page Support: Disabled
 NUMA Support: Disabled
 Compressed Oops: Enabled (32-bit)
 Heap Region Size: 1M
 Heap Min Capacity: 8M
 Heap Initial Capacity: 512M
 Heap Max Capacity: 2G
 Pre-touch: Disabled
 Parallel Workers: 8
 Concurrent Workers: 2
 Concurrent Refinement Workers: 8
 Periodic GC: Disabled
Heap:
 garbage-first heap   total 525312K, used 158648K [0x0000000080000000, 0x0000000100000000)
  region size 1024K, 1 young (1024K), 1 survivors (1024K)
 Metaspace       used 140831K, committed 142016K, reserved 1179648K
  class space    used 19038K, committed 19648K, reserved 1048576K
GC Heap History (20 events):
Event: 556.121 GC heap after
{Heap after GC invocations=37 (full 0):
 garbage-first heap   total 328704K, used 143195K [0x0000000080000000, 0x0000000100000000)
  region size 1024K, 2 young (2048K), 2 survivors (2048K)
 Metaspace       used 137346K, committed 138432K, reserved 1179648K
  class space    used 18821K, committed 19392K, reserved 1048576K
}
Event: 556.697 GC heap before
{Heap before GC invocations=37 (full 0):
 garbage-first heap   total 328704K, used 224091K [0x0000000080000000, 0x0000000100000000)
  region size 1024K, 83 young (84992K), 2 survivors (2048K)
 Metaspace       used 138546K, committed 139648K, reserved 1179648K
  class space    used 18945K, committed 19520K, reserved 1048576K
}
Event: 556.701 GC heap after
{Heap after GC invocations=38 (full 0):
 garbage-first heap   total 328704K, used 149438K [0x0000000080000000, 0x0000000100000000)
  region size 1024K, 8 young (8192K), 8 survivors (8192K)
 Metaspace       used 138546K, committed 139648K, reserved 1179648K
  class space    used 18945K, committed 19520K, reserved 1048576K
}
Event: 557.604 GC heap before
{Heap before GC invocations=39 (full 0):
 garbage-first heap   total 328704K, used 306110K [0x0000000080000000, 0x0000000100000000)
  region size 1024K, 114 young (116736K), 8 survivors (8192K)
 Metaspace       used 139007K, committed 140160K, reserved 1179648K
  class space    used 19004K, committed 19584K, reserved 1048576K
}
Event: 557.606 GC heap after
{Heap after GC invocations=40 (full 0):
 garbage-first heap   total 328704K, used 159247K [0x0000000080000000, 0x0000000100000000)
  region size 1024K, 2 young (2048K), 2 survivors (2048K)
 Metaspace       used 139007K, committed 140160K, reserved 1179648K
  class space    used 19004K, committed 19584K, reserved 1048576K
}
Event: 839.089 GC heap before
{Heap before GC invocations=40 (full 0):
 garbage-first heap   total 328704K, used 177679K [0x0000000080000000, 0x0000000100000000)
  region size 1024K, 16 young (16384K), 2 survivors (2048K)
 Metaspace       used 139089K, committed 140224K, reserved 1179648K
  class space    used 19008K, committed 19584K, reserved 1048576K
}
Event: 839.097 GC heap after
{Heap after GC invocations=41 (full 0):
 garbage-first heap   total 328704K, used 132136K [0x0000000080000000, 0x0000000100000000)
  region size 1024K, 1 young (1024K), 1 survivors (1024K)
 Metaspace       used 139089K, committed 140224K, reserved 1179648K
  class space    used 19008K, committed 19584K, reserved 1048576K
}
Event: 841.709 GC heap before
{Heap before GC invocations=41 (full 0):
 garbage-first heap   total 328704K, used 262184K [0x0000000080000000, 0x0000000100000000)
  region size 1024K, 129 young (132096K), 1 survivors (1024K)
 Metaspace       used 139589K, committed 140736K, reserved 1179648K
  class space    used 19014K, committed 19584K, reserved 1048576K
}
Event: 841.718 GC heap after
{Heap after GC invocations=42 (full 0):
 garbage-first heap   total 328704K, used 143120K [0x0000000080000000, 0x0000000100000000)
  region size 1024K, 12 young (12288K), 12 survivors (12288K)
 Metaspace       used 139589K, committed 140736K, reserved 1179648K
  class space    used 19014K, committed 19584K, reserved 1048576K
}
Event: 929.359 GC heap before
{Heap before GC invocations=43 (full 0):
 garbage-first heap   total 328704K, used 303888K [0x0000000080000000, 0x0000000100000000)
  region size 1024K, 122 young (124928K), 12 survivors (12288K)
 Metaspace       used 139981K, committed 141184K, reserved 1179648K
  class space    used 19034K, committed 19648K, reserved 1048576K
}
Event: 929.372 GC heap after
{Heap after GC invocations=44 (full 0):
 garbage-first heap   total 329728K, used 153782K [0x0000000080000000, 0x0000000100000000)
  region size 1024K, 12 young (12288K), 12 survivors (12288K)
 Metaspace       used 139981K, committed 141184K, reserved 1179648K
  class space    used 19034K, committed 19648K, reserved 1048576K
}
Event: 929.413 GC heap before
{Heap before GC invocations=44 (full 0):
 garbage-first heap   total 329728K, used 157878K [0x0000000080000000, 0x0000000100000000)
  region size 1024K, 16 young (16384K), 12 survivors (12288K)
 Metaspace       used 139997K, committed 141184K, reserved 1179648K
  class space    used 19035K, committed 19648K, reserved 1048576K
}
Event: 929.421 GC heap after
{Heap after GC invocations=45 (full 0):
 garbage-first heap   total 329728K, used 153184K [0x0000000080000000, 0x0000000100000000)
  region size 1024K, 2 young (2048K), 2 survivors (2048K)
 Metaspace       used 139997K, committed 141184K, reserved 1179648K
  class space    used 19035K, committed 19648K, reserved 1048576K
}
Event: 929.781 GC heap before
{Heap before GC invocations=45 (full 0):
 garbage-first heap   total 329728K, used 262752K [0x0000000080000000, 0x0000000100000000)
  region size 1024K, 111 young (113664K), 2 survivors (2048K)
 Metaspace       used 140493K, committed 141696K, reserved 1179648K
  class space    used 19036K, committed 19648K, reserved 1048576K
}
Event: 929.787 GC heap after
{Heap after GC invocations=46 (full 0):
 garbage-first heap   total 329728K, used 160352K [0x0000000080000000, 0x0000000100000000)
  region size 1024K, 9 young (9216K), 9 survivors (9216K)
 Metaspace       used 140493K, committed 141696K, reserved 1179648K
  class space    used 19036K, committed 19648K, reserved 1048576K
}
Event: 930.334 GC heap before
{Heap before GC invocations=47 (full 0):
 garbage-first heap   total 329728K, used 264800K [0x0000000080000000, 0x0000000100000000)
  region size 1024K, 115 young (117760K), 9 survivors (9216K)
 Metaspace       used 140812K, committed 142016K, reserved 1179648K
  class space    used 19038K, committed 19648K, reserved 1048576K
}
Event: 930.345 GC heap after
{Heap after GC invocations=48 (full 0):
 garbage-first heap   total 329728K, used 170143K [0x0000000080000000, 0x0000000100000000)
  region size 1024K, 15 young (15360K), 15 survivors (15360K)
 Metaspace       used 140812K, committed 142016K, reserved 1179648K
  class space    used 19038K, committed 19648K, reserved 1048576K
}
Event: 930.357 GC heap before
{Heap before GC invocations=48 (full 0):
 garbage-first heap   total 329728K, used 171167K [0x0000000080000000, 0x0000000100000000)
  region size 1024K, 16 young (16384K), 15 survivors (15360K)
 Metaspace       used 140812K, committed 142016K, reserved 1179648K
  class space    used 19038K, committed 19648K, reserved 1048576K
}
Event: 930.366 GC heap after
{Heap after GC invocations=49 (full 0):
 garbage-first heap   total 329728K, used 159366K [0x0000000080000000, 0x0000000100000000)
  region size 1024K, 2 young (2048K), 2 survivors (2048K)
 Metaspace       used 140812K, committed 142016K, reserved 1179648K
  class space    used 19038K, committed 19648K, reserved 1048576K
}
Event: 930.633 GC heap before
{Heap before GC invocations=49 (full 0):
 garbage-first heap   total 329728K, used 182918K [0x0000000080000000, 0x0000000100000000)
  region size 1024K, 26 young (26624K), 2 survivors (2048K)
 Metaspace       used 140831K, committed 142016K, reserved 1179648K
  class space    used 19038K, committed 19648K, reserved 1048576K
}

